Determining if the pthread_create exist failed with the following output:
Change Dir: /home/data/caffe_local_channel/CMakeFiles/CMakeTmp

Run Build Command:"/usr/bin/make" "cmTC_ece6c/fast"
/usr/bin/make -f CMakeFiles/cmTC_ece6c.dir/build.make CMakeFiles/cmTC_ece6c.dir/build
make[1]: Entering directory '/home/data/caffe_local_channel/CMakeFiles/CMakeTmp'
Building C object CMakeFiles/cmTC_ece6c.dir/CheckSymbolExists.c.o
/usr/bin/cc     -o CMakeFiles/cmTC_ece6c.dir/CheckSymbolExists.c.o   -c /home/data/caffe_local_channel/CMakeFiles/CMakeTmp/CheckSymbolExists.c
Linking C executable cmTC_ece6c
/usr/bin/cmake -E cmake_link_script CMakeFiles/cmTC_ece6c.dir/link.txt --verbose=1
/usr/bin/cc       CMakeFiles/cmTC_ece6c.dir/CheckSymbolExists.c.o  -o cmTC_ece6c -rdynamic 
CMakeFiles/cmTC_ece6c.dir/CheckSymbolExists.c.o: In function `main':
CheckSymbolExists.c:(.text+0x16): undefined reference to `pthread_create'
collect2: error: ld returned 1 exit status
CMakeFiles/cmTC_ece6c.dir/build.make:97: recipe for target 'cmTC_ece6c' failed
make[1]: *** [cmTC_ece6c] Error 1
make[1]: Leaving directory '/home/data/caffe_local_channel/CMakeFiles/CMakeTmp'
Makefile:126: recipe for target 'cmTC_ece6c/fast' failed
make: *** [cmTC_ece6c/fast] Error 2

File /home/data/caffe_local_channel/CMakeFiles/CMakeTmp/CheckSymbolExists.c:
/* */
#include <pthread.h>

int main(int argc, char** argv)
{
  (void)argv;
#ifndef pthread_create
  return ((int*)(&pthread_create))[argc];
#else
  (void)argc;
  return 0;
#endif
}

Determining if the function pthread_create exists in the pthreads failed with the following output:
Change Dir: /home/data/caffe_local_channel/CMakeFiles/CMakeTmp

Run Build Command:"/usr/bin/make" "cmTC_26fae/fast"
/usr/bin/make -f CMakeFiles/cmTC_26fae.dir/build.make CMakeFiles/cmTC_26fae.dir/build
make[1]: Entering directory '/home/data/caffe_local_channel/CMakeFiles/CMakeTmp'
Building C object CMakeFiles/cmTC_26fae.dir/CheckFunctionExists.c.o
/usr/bin/cc    -DCHECK_FUNCTION_EXISTS=pthread_create   -o CMakeFiles/cmTC_26fae.dir/CheckFunctionExists.c.o   -c /usr/share/cmake-3.5/Modules/CheckFunctionExists.c
Linking C executable cmTC_26fae
/usr/bin/cmake -E cmake_link_script CMakeFiles/cmTC_26fae.dir/link.txt --verbose=1
/usr/bin/cc   -DCHECK_FUNCTION_EXISTS=pthread_create    CMakeFiles/cmTC_26fae.dir/CheckFunctionExists.c.o  -o cmTC_26fae -rdynamic -lpthreads 
/usr/bin/ld: cannot find -lpthreads
collect2: error: ld returned 1 exit status
CMakeFiles/cmTC_26fae.dir/build.make:97: recipe for target 'cmTC_26fae' failed
make[1]: *** [cmTC_26fae] Error 1
make[1]: Leaving directory '/home/data/caffe_local_channel/CMakeFiles/CMakeTmp'
Makefile:126: recipe for target 'cmTC_26fae/fast' failed
make: *** [cmTC_26fae/fast] Error 2


